mspdoku-backend  | 	... 20 common frames omitted
mspdoku-backend  | Caused by: org.hibernate.tool.schema.spi.SchemaManagementException: Schema-validation: missing column [updated_at] in table [connections]
mspdoku-backend  | 	at org.hibernate.tool.schema.internal.AbstractSchemaValidator.validateTable(AbstractSchemaValidator.java:148) ~[hibernate-core-6.5.2.Final.jar!/:6.5.2.Final]
mspdoku-backend  | 	at org.hibernate.tool.schema.internal.GroupedSchemaValidatorImpl.validateTables(GroupedSchemaValidatorImpl.java:46) ~[hibernate-core-6.5.2.Final.jar!/:6.5.2.Final]
mspdoku-backend  | 	at org.hibernate.tool.schema.internal.AbstractSchemaValidator.performValidation(AbstractSchemaValidator.java:98) ~[hibernate-core-6.5.2.Final.jar!/:6.5.2.Final]
mspdoku-backend  | 	at org.hibernate.tool.schema.internal.AbstractSchemaValidator.doValidation(AbstractSchemaValidator.java:76) ~[hibernate-core-6.5.2.Final.jar!/:6.5.2.Final]
mspdoku-backend  | 	at org.hibernate.tool.schema.spi.SchemaManagementToolCoordinator.performDatabaseAction(SchemaManagementToolCoordinator.java:289) ~[hibernate-core-6.5.2.Final.jar!/:6.5.2.Final]
mspdoku-backend  | 	at org.hibernate.tool.schema.spi.SchemaManagementToolCoordinator.lambda$process$5(SchemaManagementToolCoordinator.java:144) ~[hibernate-core-6.5.2.Final.jar!/:6.5.2.Final]
mspdoku-backend  | 	at java.base/java.util.HashMap.forEach(Unknown Source) ~[na:na]
mspdoku-backend  | 	at org.hibernate.tool.schema.spi.SchemaManagementToolCoordinator.process(SchemaManagementToolCoordinator.java:141) ~[hibernate-core-6.5.2.Final.jar!/:6.5.2.Final]
mspdoku-backend  | 	at org.hibernate.boot.internal.SessionFactoryObserverForSchemaExport.sessionFactoryCreated(SessionFactoryObserverForSchemaExport.java:37) ~[hibernate-core-6.5.2.Final.jar!/:6.5.2.Final]
mspdoku-backend  | 	at org.hibernate.internal.SessionFactoryObserverChain.sessionFactoryCreated(SessionFactoryObserverChain.java:35) ~[hibernate-core-6.5.2.Final.jar!/:6.5.2.Final]
mspdoku-backend  | 	at org.hibernate.internal.SessionFactoryImpl.<init>(SessionFactoryImpl.java:322) ~[hibernate-core-6.5.2.Final.jar!/:6.5.2.Final]
mspdoku-backend  | 	at org.hibernate.boot.internal.SessionFactoryBuilderImpl.build(SessionFactoryBuilderImpl.java:457) ~[hibernate-core-6.5.2.Final.jar!/:6.5.2.Final]
mspdoku-backend  | 	at org.hibernate.jpa.boot.internal.EntityManagerFactoryBuilderImpl.build(EntityManagerFactoryBuilderImpl.java:1506) ~[hibernate-core-6.5.2.Final.jar!/:6.5.2.Final]
mspdoku-backend  | 	at org.springframework.orm.jpa.vendor.SpringHibernateJpaPersistenceProvider.createContainerEntityManagerFactory(SpringHibernateJpaPersistenceProvider.java:75) ~[spring-orm-6.1.11.jar!/:6.1.11]
mspdoku-backend  | 	at org.springframework.orm.jpa.LocalContainerEntityManagerFactoryBean.createNativeEntityManagerFactory(LocalContainerEntityManagerFactoryBean.java:390) ~[spring-orm-6.1.11.jar!/:6.1.11]
mspdoku-backend  | 	at org.springframework.orm.jpa.AbstractEntityManagerFactoryBean.buildNativeEntityManagerFactory(AbstractEntityManagerFactoryBean.java:409) ~[spring-orm-6.1.11.jar!/:6.1.11]
mspdoku-backend  | 	... 24 common frames omitted
mspdoku-backend  | 
mspdoku-backend  | 
mspdoku-backend  |   .   ____          _            __ _ _
mspdoku-backend  |  /\\ / ___'_ __ _ _(_)_ __  __ _ \ \ \ \
mspdoku-backend  | ( ( )\___ | '_ | '_| | '_ \/ _` | \ \ \ \
mspdoku-backend  |  \\/  ___)| |_)| | | | | || (_| |  ) ) ) )
mspdoku-backend  |   '  |____| .__|_| |_|_| |_\__, | / / / /
mspdoku-backend  |  =========|_|==============|___/=/_/_/_/
mspdoku-backend  | 
mspdoku-backend  |  :: Spring Boot ::                (v3.3.2)
mspdoku-backend  | 
mspdoku-backend  | 2026-02-11T20:27:22.203Z  INFO 1 --- [backend] [           main] com.msp.doku.MspDokuToolApplicationKt    : Starting MspDokuToolApplicationKt v0.0.1-SNAPSHOT using Java 21.0.10 with PID 1 (/app/app.jar started by root in /app)
mspdoku-backend  | 2026-02-11T20:27:22.206Z  INFO 1 --- [backend] [           main] com.msp.doku.MspDokuToolApplicationKt    : No active profile set, falling back to 1 default profile: "default"
mspdoku-backend  | 2026-02-11T20:27:23.248Z  INFO 1 --- [backend] [           main] .s.d.r.c.RepositoryConfigurationDelegate : Bootstrapping Spring Data JPA repositories in DEFAULT mode.
mspdoku-backend  | 2026-02-11T20:27:23.319Z  INFO 1 --- [backend] [           main] .s.d.r.c.RepositoryConfigurationDelegate : Finished Spring Data repository scanning in 61 ms. Found 8 JPA repository interfaces.
mspdoku-backend  | 2026-02-11T20:27:23.786Z  INFO 1 --- [backend] [           main] o.s.b.w.embedded.tomcat.TomcatWebServer  : Tomcat initialized with port 8080 (http)
mspdoku-backend  | 2026-02-11T20:27:23.797Z  INFO 1 --- [backend] [           main] o.apache.catalina.core.StandardService   : Starting service [Tomcat]
mspdoku-backend  | 2026-02-11T20:27:23.797Z  INFO 1 --- [backend] [           main] o.apache.catalina.core.StandardEngine    : Starting Servlet engine: [Apache Tomcat/10.1.26]
mspdoku-backend  | 2026-02-11T20:27:23.843Z  INFO 1 --- [backend] [           main] o.a.c.c.C.[Tomcat].[localhost].[/]       : Initializing Spring embedded WebApplicationContext
mspdoku-backend  | 2026-02-11T20:27:23.845Z  INFO 1 --- [backend] [           main] w.s.c.ServletWebServerApplicationContext : Root WebApplicationContext: initialization completed in 1519 ms
mspdoku-backend  | 2026-02-11T20:27:24.057Z  INFO 1 --- [backend] [           main] com.zaxxer.hikari.HikariDataSource       : HikariPool-1 - Starting...
mspdoku-backend  | 2026-02-11T20:27:24.220Z  INFO 1 --- [backend] [           main] com.zaxxer.hikari.pool.HikariPool        : HikariPool-1 - Added connection org.postgresql.jdbc.PgConnection@7558633
mspdoku-backend  | 2026-02-11T20:27:24.224Z  INFO 1 --- [backend] [           main] com.zaxxer.hikari.HikariDataSource       : HikariPool-1 - Start completed.
mspdoku-backend  | 2026-02-11T20:27:24.265Z  INFO 1 --- [backend] [           main] org.flywaydb.core.FlywayExecutor         : Database: jdbc:postgresql://postgres:5432/mspdoku (PostgreSQL 16.11)
mspdoku-backend  | 2026-02-11T20:27:24.308Z  INFO 1 --- [backend] [           main] o.f.core.internal.command.DbValidate     : Successfully validated 1 migration (execution time 00:00.021s)
mspdoku-backend  | 2026-02-11T20:27:24.328Z  INFO 1 --- [backend] [           main] o.f.core.internal.command.DbMigrate      : Current version of schema "public": 1
mspdoku-backend  | 2026-02-11T20:27:24.330Z  INFO 1 --- [backend] [           main] o.f.core.internal.command.DbMigrate      : Schema "public" is up to date. No migration necessary.
mspdoku-backend  | 2026-02-11T20:27:24.398Z  INFO 1 --- [backend] [           main] o.hibernate.jpa.internal.util.LogHelper  : HHH000204: Processing PersistenceUnitInfo [name: default]
mspdoku-backend  | 2026-02-11T20:27:24.456Z  INFO 1 --- [backend] [           main] org.hibernate.Version                    : HHH000412: Hibernate ORM core version 6.5.2.Final
mspdoku-backend  | 2026-02-11T20:27:24.482Z  INFO 1 --- [backend] [           main] o.h.c.internal.RegionFactoryInitiator    : HHH000026: Second-level cache disabled
mspdoku-backend  | 2026-02-11T20:27:24.735Z  INFO 1 --- [backend] [           main] o.s.o.j.p.SpringPersistenceUnitInfo      : No LoadTimeWeaver setup: ignoring JPA class transformer
mspdoku-backend  | 2026-02-11T20:27:24.777Z  WARN 1 --- [backend] [           main] org.hibernate.orm.deprecation            : HHH90000025: PostgreSQLDialect does not need to be specified explicitly using 'hibernate.dialect' (remove the property setting and it will be selected by default)
mspdoku-backend  | 2026-02-11T20:27:25.430Z  INFO 1 --- [backend] [           main] o.h.e.t.j.p.i.JtaPlatformInitiator       : HHH000489: No JTA platform available (set 'hibernate.transaction.jta.platform' to enable JTA platform integration)
mspdoku-backend  | 2026-02-11T20:27:25.467Z ERROR 1 --- [backend] [           main] j.LocalContainerEntityManagerFactoryBean : Failed to initialize JPA EntityManagerFactory: [PersistenceUnit: default] Unable to build Hibernate SessionFactory; nested exception is org.hibernate.tool.schema.spi.SchemaManagementException: Schema-validation: missing column [updated_at] in table [connections]
mspdoku-backend  | 2026-02-11T20:27:25.467Z  WARN 1 --- [backend] [           main] ConfigServletWebServerApplicationContext : Exception encountered during context initialization - cancelling refresh attempt: org.springframework.beans.factory.BeanCreationException: Error creating bean with name 'entityManagerFactory' defined in class path resource [org/springframework/boot/autoconfigure/orm/jpa/HibernateJpaConfiguration.class]: [PersistenceUnit: default] Unable to build Hibernate SessionFactory; nested exception is org.hibernate.tool.schema.spi.SchemaManagementException: Schema-validation: missing column [updated_at] in table [connections]
mspdoku-backend  | 2026-02-11T20:27:25.468Z  INFO 1 --- [backend] [           main] com.zaxxer.hikari.HikariDataSource       : HikariPool-1 - Shutdown initiated...
mspdoku-backend  | 2026-02-11T20:27:25.472Z  INFO 1 --- [backend] [           main] com.zaxxer.hikari.HikariDataSource       : HikariPool-1 - Shutdown completed.
mspdoku-backend  | 2026-02-11T20:27:25.473Z  INFO 1 --- [backend] [           main] o.apache.catalina.core.StandardService   : Stopping service [Tomcat]
mspdoku-backend  | 2026-02-11T20:27:25.482Z  INFO 1 --- [backend] [           main] .s.b.a.l.ConditionEvaluationReportLogger : 
mspdoku-backend  | 
mspdoku-backend  | Error starting ApplicationContext. To display the condition evaluation report re-run your application with 'debug' enabled.
mspdoku-backend  | 2026-02-11T20:27:25.497Z ERROR 1 --- [backend] [           main] o.s.boot.SpringApplication               : Application run failed
mspdoku-backend  | 
mspdoku-backend  | org.springframework.beans.factory.BeanCreationException: Error creating bean with name 'entityManagerFactory' defined in class path resource [org/springframework/boot/autoconfigure/orm/jpa/HibernateJpaConfiguration.class]: [PersistenceUnit: default] Unable to build Hibernate SessionFactory; nested exception is org.hibernate.tool.schema.spi.SchemaManagementException: Schema-validation: missing column [updated_at] in table [connections]
mspdoku-backend  | 	at org.springframework.beans.factory.support.AbstractAutowireCapableBeanFactory.initializeBean(AbstractAutowireCapableBeanFactory.java:1806) ~[spring-beans-6.1.11.jar!/:6.1.11]
mspdoku-backend  | 	at org.springframework.beans.factory.support.AbstractAutowireCapableBeanFactory.doCreateBean(AbstractAutowireCapableBeanFactory.java:600) ~[spring-beans-6.1.11.jar!/:6.1.11]
mspdoku-backend  | 	at org.springframework.beans.factory.support.AbstractAutowireCapableBeanFactory.createBean(AbstractAutowireCapableBeanFactory.java:522) ~[spring-beans-6.1.11.jar!/:6.1.11]
mspdoku-backend  | 	at org.springframework.beans.factory.support.AbstractBeanFactory.lambda$doGetBean$0(AbstractBeanFactory.java:337) ~[spring-beans-6.1.11.jar!/:6.1.11]
mspdoku-backend  | 	at org.springframework.beans.factory.support.DefaultSingletonBeanRegistry.getSingleton(DefaultSingletonBeanRegistry.java:234) ~[spring-beans-6.1.11.jar!/:6.1.11]
mspdoku-backend  | 	at org.springframework.beans.factory.support.AbstractBeanFactory.doGetBean(AbstractBeanFactory.java:335) ~[spring-beans-6.1.11.jar!/:6.1.11]
mspdoku-backend  | 	at org.springframework.beans.factory.support.AbstractBeanFactory.getBean(AbstractBeanFactory.java:205) ~[spring-beans-6.1.11.jar!/:6.1.11]
mspdoku-backend  | 	at org.springframework.context.support.AbstractApplicationContext.finishBeanFactoryInitialization(AbstractApplicationContext.java:954) ~[spring-context-6.1.11.jar!/:6.1.11]
mspdoku-backend  | 	at org.springframework.context.support.AbstractApplicationContext.refresh(AbstractApplicationContext.java:625) ~[spring-context-6.1.11.jar!/:6.1.11]
mspdoku-backend  | 	at org.springframework.boot.web.servlet.context.ServletWebServerApplicationContext.refresh(ServletWebServerApplicationContext.java:146) ~[spring-boot-3.3.2.jar!/:3.3.2]
mspdoku-backend  | 	at org.springframework.boot.SpringApplication.refresh(SpringApplication.java:754) ~[spring-boot-3.3.2.jar!/:3.3.2]
mspdoku-backend  | 	at org.springframework.boot.SpringApplication.refreshContext(SpringApplication.java:456) ~[spring-boot-3.3.2.jar!/:3.3.2]
mspdoku-backend  | 	at org.springframework.boot.SpringApplication.run(SpringApplication.java:335) ~[spring-boot-3.3.2.jar!/:3.3.2]
mspdoku-backend  | 	at org.springframework.boot.SpringApplication.run(SpringApplication.java:1363) ~[spring-boot-3.3.2.jar!/:3.3.2]
mspdoku-backend  | 	at org.springframework.boot.SpringApplication.run(SpringApplication.java:1352) ~[spring-boot-3.3.2.jar!/:3.3.2]
mspdoku-backend  | 	at com.msp.doku.MspDokuToolApplicationKt.main(MspDokuToolApplication.kt:13) ~[!/:0.0.1-SNAPSHOT]
mspdoku-backend  | 	at java.base/jdk.internal.reflect.DirectMethodHandleAccessor.invoke(Unknown Source) ~[na:na]
mspdoku-backend  | 	at java.base/java.lang.reflect.Method.invoke(Unknown Source) ~[na:na]
mspdoku-backend  | 	at org.springframework.boot.loader.launch.Launcher.launch(Launcher.java:91) ~[app.jar:0.0.1-SNAPSHOT]
mspdoku-backend  | 	at org.springframework.boot.loader.launch.Launcher.launch(Launcher.java:53) ~[app.jar:0.0.1-SNAPSHOT]
mspdoku-backend  | 	at org.springframework.boot.loader.launch.JarLauncher.main(JarLauncher.java:58) ~[app.jar:0.0.1-SNAPSHOT]
mspdoku-backend  | Caused by: jakarta.persistence.PersistenceException: [PersistenceUnit: default] Unable to build Hibernate SessionFactory; nested exception is org.hibernate.tool.schema.spi.SchemaManagementException: Schema-validation: missing column [updated_at] in table [connections]
mspdoku-backend  | 	at org.springframework.orm.jpa.AbstractEntityManagerFactoryBean.buildNativeEntityManagerFactory(AbstractEntityManagerFactoryBean.java:421) ~[spring-orm-6.1.11.jar!/:6.1.11]
mspdoku-backend  | 	at org.springframework.orm.jpa.AbstractEntityManagerFactoryBean.afterPropertiesSet(AbstractEntityManagerFactoryBean.java:396) ~[spring-orm-6.1.11.jar!/:6.1.11]
mspdoku-backend  | 	at org.springframework.orm.jpa.LocalContainerEntityManagerFactoryBean.afterPropertiesSet(LocalContainerEntityManagerFactoryBean.java:366) ~[spring-orm-6.1.11.jar!/:6.1.11]
mspdoku-backend  | 	at org.springframework.beans.factory.support.AbstractAutowireCapableBeanFactory.invokeInitMethods(AbstractAutowireCapableBeanFactory.java:1853) ~[spring-beans-6.1.11.jar!/:6.1.11]
mspdoku-backend  | 	at org.springframework.beans.factory.support.AbstractAutowireCapableBeanFactory.initializeBean(AbstractAutowireCapableBeanFactory.java:1802) ~[spring-beans-6.1.11.jar!/:6.1.11]
mspdoku-backend  | 	... 20 common frames omitted
mspdoku-backend  | Caused by: org.hibernate.tool.schema.spi.SchemaManagementException: Schema-validation: missing column [updated_at] in table [connections]
mspdoku-backend  | 	at org.hibernate.tool.schema.internal.AbstractSchemaValidator.validateTable(AbstractSchemaValidator.java:148) ~[hibernate-core-6.5.2.Final.jar!/:6.5.2.Final]
mspdoku-backend  | 	at org.hibernate.tool.schema.internal.GroupedSchemaValidatorImpl.validateTables(GroupedSchemaValidatorImpl.java:46) ~[hibernate-core-6.5.2.Final.jar!/:6.5.2.Final]
mspdoku-backend  | 	at org.hibernate.tool.schema.internal.AbstractSchemaValidator.performValidation(AbstractSchemaValidator.java:98) ~[hibernate-core-6.5.2.Final.jar!/:6.5.2.Final]
mspdoku-backend  | 	at org.hibernate.tool.schema.internal.AbstractSchemaValidator.doValidation(AbstractSchemaValidator.java:76) ~[hibernate-core-6.5.2.Final.jar!/:6.5.2.Final]
mspdoku-backend  | 	at org.hibernate.tool.schema.spi.SchemaManagementToolCoordinator.performDatabaseAction(SchemaManagementToolCoordinator.java:289) ~[hibernate-core-6.5.2.Final.jar!/:6.5.2.Final]
mspdoku-backend  | 	at org.hibernate.tool.schema.spi.SchemaManagementToolCoordinator.lambda$process$5(SchemaManagementToolCoordinator.java:144) ~[hibernate-core-6.5.2.Final.jar!/:6.5.2.Final]
mspdoku-backend  | 	at java.base/java.util.HashMap.forEach(Unknown Source) ~[na:na]
mspdoku-backend  | 	at org.hibernate.tool.schema.spi.SchemaManagementToolCoordinator.process(SchemaManagementToolCoordinator.java:141) ~[hibernate-core-6.5.2.Final.jar!/:6.5.2.Final]
mspdoku-backend  | 	at org.hibernate.boot.internal.SessionFactoryObserverForSchemaExport.sessionFactoryCreated(SessionFactoryObserverForSchemaExport.java:37) ~[hibernate-core-6.5.2.Final.jar!/:6.5.2.Final]
mspdoku-backend  | 	at org.hibernate.internal.SessionFactoryObserverChain.sessionFactoryCreated(SessionFactoryObserverChain.java:35) ~[hibernate-core-6.5.2.Final.jar!/:6.5.2.Final]
mspdoku-backend  | 	at org.hibernate.internal.SessionFactoryImpl.<init>(SessionFactoryImpl.java:322) ~[hibernate-core-6.5.2.Final.jar!/:6.5.2.Final]
mspdoku-backend  | 	at org.hibernate.boot.internal.SessionFactoryBuilderImpl.build(SessionFactoryBuilderImpl.java:457) ~[hibernate-core-6.5.2.Final.jar!/:6.5.2.Final]
mspdoku-backend  | 	at org.hibernate.jpa.boot.internal.EntityManagerFactoryBuilderImpl.build(EntityManagerFactoryBuilderImpl.java:1506) ~[hibernate-core-6.5.2.Final.jar!/:6.5.2.Final]
mspdoku-backend  | 	at org.springframework.orm.jpa.vendor.SpringHibernateJpaPersistenceProvider.createContainerEntityManagerFactory(SpringHibernateJpaPersistenceProvider.java:75) ~[spring-orm-6.1.11.jar!/:6.1.11]
mspdoku-backend  | 	at org.springframework.orm.jpa.LocalContainerEntityManagerFactoryBean.createNativeEntityManagerFactory(LocalContainerEntityManagerFactoryBean.java:390) ~[spring-orm-6.1.11.jar!/:6.1.11]
mspdoku-backend  | 	at org.springframework.orm.jpa.AbstractEntityManagerFactoryBean.buildNativeEntityManagerFactory(AbstractEntityManagerFactoryBean.java:409) ~[spring-orm-6.1.11.jar!/:6.1.11]
mspdoku-backend  | 	... 24 common frames omitted
mspdoku-backend  | 
mspdoku-backend  | 
mspdoku-backend  |   .   ____          _            __ _ _
mspdoku-backend  |  /\\ / ___'_ __ _ _(_)_ __  __ _ \ \ \ \
mspdoku-backend  | ( ( )\___ | '_ | '_| | '_ \/ _` | \ \ \ \
mspdoku-backend  |  \\/  ___)| |_)| | | | | || (_| |  ) ) ) )
mspdoku-backend  |   '  |____| .__|_| |_|_| |_\__, | / / / /
mspdoku-backend  |  =========|_|==============|___/=/_/_/_/
mspdoku-backend  | 
mspdoku-backend  |  :: Spring Boot ::                (v3.3.2)
mspdoku-backend  | 
mspdoku-backend  | 2026-02-11T20:28:56.786Z  INFO 1 --- [backend] [           main] com.msp.doku.MspDokuToolApplicationKt    : Starting MspDokuToolApplicationKt v0.0.1-SNAPSHOT using Java 21.0.10 with PID 1 (/app/app.jar started by root in /app)
mspdoku-backend  | 2026-02-11T20:28:56.789Z  INFO 1 --- [backend] [           main] com.msp.doku.MspDokuToolApplicationKt    : No active profile set, falling back to 1 default profile: "default"
mspdoku-backend  | 2026-02-11T20:28:57.720Z  INFO 1 --- [backend] [           main] .s.d.r.c.RepositoryConfigurationDelegate : Bootstrapping Spring Data JPA repositories in DEFAULT mode.
mspdoku-backend  | 2026-02-11T20:28:57.778Z  INFO 1 --- [backend] [           main] .s.d.r.c.RepositoryConfigurationDelegate : Finished Spring Data repository scanning in 51 ms. Found 8 JPA repository interfaces.
mspdoku-backend  | 2026-02-11T20:28:58.431Z  INFO 1 --- [backend] [           main] o.s.b.w.embedded.tomcat.TomcatWebServer  : Tomcat initialized with port 8080 (http)
mspdoku-backend  | 2026-02-11T20:28:58.441Z  INFO 1 --- [backend] [           main] o.apache.catalina.core.StandardService   : Starting service [Tomcat]
mspdoku-backend  | 2026-02-11T20:28:58.441Z  INFO 1 --- [backend] [           main] o.apache.catalina.core.StandardEngine    : Starting Servlet engine: [Apache Tomcat/10.1.26]
mspdoku-backend  | 2026-02-11T20:28:58.486Z  INFO 1 --- [backend] [           main] o.a.c.c.C.[Tomcat].[localhost].[/]       : Initializing Spring embedded WebApplicationContext
mspdoku-backend  | 2026-02-11T20:28:58.487Z  INFO 1 --- [backend] [           main] w.s.c.ServletWebServerApplicationContext : Root WebApplicationContext: initialization completed in 1596 ms
mspdoku-backend  | 2026-02-11T20:28:58.693Z  INFO 1 --- [backend] [           main] com.zaxxer.hikari.HikariDataSource       : HikariPool-1 - Starting...
mspdoku-backend  | 2026-02-11T20:28:58.830Z  INFO 1 --- [backend] [           main] com.zaxxer.hikari.pool.HikariPool        : HikariPool-1 - Added connection org.postgresql.jdbc.PgConnection@71936a92
mspdoku-backend  | 2026-02-11T20:28:58.832Z  INFO 1 --- [backend] [           main] com.zaxxer.hikari.HikariDataSource       : HikariPool-1 - Start completed.
mspdoku-backend  | 2026-02-11T20:28:58.855Z  INFO 1 --- [backend] [           main] org.flywaydb.core.FlywayExecutor         : Database: jdbc:postgresql://postgres:5432/mspdoku (PostgreSQL 16.11)
mspdoku-backend  | 2026-02-11T20:28:58.889Z  INFO 1 --- [backend] [           main] o.f.core.internal.command.DbValidate     : Successfully validated 1 migration (execution time 00:00.020s)
mspdoku-backend  | 2026-02-11T20:28:58.911Z  INFO 1 --- [backend] [           main] o.f.core.internal.command.DbMigrate      : Current version of schema "public": 1
mspdoku-backend  | 2026-02-11T20:28:58.913Z  INFO 1 --- [backend] [           main] o.f.core.internal.command.DbMigrate      : Schema "public" is up to date. No migration necessary.
mspdoku-backend  | 2026-02-11T20:28:58.986Z  INFO 1 --- [backend] [           main] o.hibernate.jpa.internal.util.LogHelper  : HHH000204: Processing PersistenceUnitInfo [name: default]
mspdoku-backend  | 2026-02-11T20:28:59.046Z  INFO 1 --- [backend] [           main] org.hibernate.Version                    : HHH000412: Hibernate ORM core version 6.5.2.Final
mspdoku-backend  | 2026-02-11T20:28:59.074Z  INFO 1 --- [backend] [           main] o.h.c.internal.RegionFactoryInitiator    : HHH000026: Second-level cache disabled
mspdoku-backend  | 2026-02-11T20:28:59.345Z  INFO 1 --- [backend] [           main] o.s.o.j.p.SpringPersistenceUnitInfo      : No LoadTimeWeaver setup: ignoring JPA class transformer
mspdoku-backend  | 2026-02-11T20:28:59.384Z  WARN 1 --- [backend] [           main] org.hibernate.orm.deprecation            : HHH90000025: PostgreSQLDialect does not need to be specified explicitly using 'hibernate.dialect' (remove the property setting and it will be selected by default)
mspdoku-backend  | 2026-02-11T20:29:00.074Z  INFO 1 --- [backend] [           main] o.h.e.t.j.p.i.JtaPlatformInitiator       : HHH000489: No JTA platform available (set 'hibernate.transaction.jta.platform' to enable JTA platform integration)
mspdoku-backend  | 2026-02-11T20:29:00.116Z ERROR 1 --- [backend] [           main] j.LocalContainerEntityManagerFactoryBean : Failed to initialize JPA EntityManagerFactory: [PersistenceUnit: default] Unable to build Hibernate SessionFactory; nested exception is org.hibernate.tool.schema.spi.SchemaManagementException: Schema-validation: missing column [updated_at] in table [connections]
mspdoku-backend  | 2026-02-11T20:29:00.116Z  WARN 1 --- [backend] [           main] ConfigServletWebServerApplicationContext : Exception encountered during context initialization - cancelling refresh attempt: org.springframework.beans.factory.BeanCreationException: Error creating bean with name 'entityManagerFactory' defined in class path resource [org/springframework/boot/autoconfigure/orm/jpa/HibernateJpaConfiguration.class]: [PersistenceUnit: default] Unable to build Hibernate SessionFactory; nested exception is org.hibernate.tool.schema.spi.SchemaManagementException: Schema-validation: missing column [updated_at] in table [connections]
mspdoku-backend  | 2026-02-11T20:29:00.116Z  INFO 1 --- [backend] [           main] com.zaxxer.hikari.HikariDataSource       : HikariPool-1 - Shutdown initiated...
mspdoku-backend  | 2026-02-11T20:29:00.121Z  INFO 1 --- [backend] [           main] com.zaxxer.hikari.HikariDataSource       : HikariPool-1 - Shutdown completed.
mspdoku-backend  | 2026-02-11T20:29:00.123Z  INFO 1 --- [backend] [           main] o.apache.catalina.core.StandardService   : Stopping service [Tomcat]
mspdoku-backend  | 2026-02-11T20:29:00.132Z  INFO 1 --- [backend] [           main] .s.b.a.l.ConditionEvaluationReportLogger : 
mspdoku-backend  | 
mspdoku-backend  | Error starting ApplicationContext. To display the condition evaluation report re-run your application with 'debug' enabled.
mspdoku-backend  | 2026-02-11T20:29:00.144Z ERROR 1 --- [backend] [           main] o.s.boot.SpringApplication               : Application run failed
mspdoku-backend  | 
mspdoku-backend  | org.springframework.beans.factory.BeanCreationException: Error creating bean with name 'entityManagerFactory' defined in class path resource [org/springframework/boot/autoconfigure/orm/jpa/HibernateJpaConfiguration.class]: [PersistenceUnit: default] Unable to build Hibernate SessionFactory; nested exception is org.hibernate.tool.schema.spi.SchemaManagementException: Schema-validation: missing column [updated_at] in table [connections]
mspdoku-backend  | 	at org.springframework.beans.factory.support.AbstractAutowireCapableBeanFactory.initializeBean(AbstractAutowireCapableBeanFactory.java:1806) ~[spring-beans-6.1.11.jar!/:6.1.11]
mspdoku-backend  | 	at org.springframework.beans.factory.support.AbstractAutowireCapableBeanFactory.doCreateBean(AbstractAutowireCapableBeanFactory.java:600) ~[spring-beans-6.1.11.jar!/:6.1.11]
mspdoku-backend  | 	at org.springframework.beans.factory.support.AbstractAutowireCapableBeanFactory.createBean(AbstractAutowireCapableBeanFactory.java:522) ~[spring-beans-6.1.11.jar!/:6.1.11]
mspdoku-backend  | 	at org.springframework.beans.factory.support.AbstractBeanFactory.lambda$doGetBean$0(AbstractBeanFactory.java:337) ~[spring-beans-6.1.11.jar!/:6.1.11]
mspdoku-backend  | 	at org.springframework.beans.factory.support.DefaultSingletonBeanRegistry.getSingleton(DefaultSingletonBeanRegistry.java:234) ~[spring-beans-6.1.11.jar!/:6.1.11]
mspdoku-backend  | 	at org.springframework.beans.factory.support.AbstractBeanFactory.doGetBean(AbstractBeanFactory.java:335) ~[spring-beans-6.1.11.jar!/:6.1.11]
mspdoku-backend  | 	at org.springframework.beans.factory.support.AbstractBeanFactory.getBean(AbstractBeanFactory.java:205) ~[spring-beans-6.1.11.jar!/:6.1.11]
mspdoku-backend  | 	at org.springframework.context.support.AbstractApplicationContext.finishBeanFactoryInitialization(AbstractApplicationContext.java:954) ~[spring-context-6.1.11.jar!/:6.1.11]
mspdoku-backend  | 	at org.springframework.context.support.AbstractApplicationContext.refresh(AbstractApplicationContext.java:625) ~[spring-context-6.1.11.jar!/:6.1.11]
mspdoku-backend  | 	at org.springframework.boot.web.servlet.context.ServletWebServerApplicationContext.refresh(ServletWebServerApplicationContext.java:146) ~[spring-boot-3.3.2.jar!/:3.3.2]
mspdoku-backend  | 	at org.springframework.boot.SpringApplication.refresh(SpringApplication.java:754) ~[spring-boot-3.3.2.jar!/:3.3.2]
mspdoku-backend  | 	at org.springframework.boot.SpringApplication.refreshContext(SpringApplication.java:456) ~[spring-boot-3.3.2.jar!/:3.3.2]
mspdoku-backend  | 	at org.springframework.boot.SpringApplication.run(SpringApplication.java:335) ~[spring-boot-3.3.2.jar!/:3.3.2]
mspdoku-backend  | 	at org.springframework.boot.SpringApplication.run(SpringApplication.java:1363) ~[spring-boot-3.3.2.jar!/:3.3.2]
mspdoku-backend  | 	at org.springframework.boot.SpringApplication.run(SpringApplication.java:1352) ~[spring-boot-3.3.2.jar!/:3.3.2]
mspdoku-backend  | 	at com.msp.doku.MspDokuToolApplicationKt.main(MspDokuToolApplication.kt:13) ~[!/:0.0.1-SNAPSHOT]
mspdoku-backend  | 	at java.base/jdk.internal.reflect.DirectMethodHandleAccessor.invoke(Unknown Source) ~[na:na]
mspdoku-backend  | 	at java.base/java.lang.reflect.Method.invoke(Unknown Source) ~[na:na]
mspdoku-backend  | 	at org.springframework.boot.loader.launch.Launcher.launch(Launcher.java:91) ~[app.jar:0.0.1-SNAPSHOT]
mspdoku-backend  | 	at org.springframework.boot.loader.launch.Launcher.launch(Launcher.java:53) ~[app.jar:0.0.1-SNAPSHOT]
mspdoku-backend  | 	at org.springframework.boot.loader.launch.JarLauncher.main(JarLauncher.java:58) ~[app.jar:0.0.1-SNAPSHOT]
mspdoku-backend  | Caused by: jakarta.persistence.PersistenceException: [PersistenceUnit: default] Unable to build Hibernate SessionFactory; nested exception is org.hibernate.tool.schema.spi.SchemaManagementException: Schema-validation: missing column [updated_at] in table [connections]
mspdoku-backend  | 	at org.springframework.orm.jpa.AbstractEntityManagerFactoryBean.buildNativeEntityManagerFactory(AbstractEntityManagerFactoryBean.java:421) ~[spring-orm-6.1.11.jar!/:6.1.11]
mspdoku-backend  | 	at org.springframework.orm.jpa.AbstractEntityManagerFactoryBean.afterPropertiesSet(AbstractEntityManagerFactoryBean.java:396) ~[spring-orm-6.1.11.jar!/:6.1.11]
mspdoku-backend  | 	at org.springframework.orm.jpa.LocalContainerEntityManagerFactoryBean.afterPropertiesSet(LocalContainerEntityManagerFactoryBean.java:366) ~[spring-orm-6.1.11.jar!/:6.1.11]
mspdoku-backend  | 	at org.springframework.beans.factory.support.AbstractAutowireCapableBeanFactory.invokeInitMethods(AbstractAutowireCapableBeanFactory.java:1853) ~[spring-beans-6.1.11.jar!/:6.1.11]
mspdoku-backend  | 	at org.springframework.beans.factory.support.AbstractAutowireCapableBeanFactory.initializeBean(AbstractAutowireCapableBeanFactory.java:1802) ~[spring-beans-6.1.11.jar!/:6.1.11]
mspdoku-backend  | 	... 20 common frames omitted
mspdoku-backend  | Caused by: org.hibernate.tool.schema.spi.SchemaManagementException: Schema-validation: missing column [updated_at] in table [connections]
mspdoku-backend  | 	at org.hibernate.tool.schema.internal.AbstractSchemaValidator.validateTable(AbstractSchemaValidator.java:148) ~[hibernate-core-6.5.2.Final.jar!/:6.5.2.Final]
mspdoku-backend  | 	at org.hibernate.tool.schema.internal.GroupedSchemaValidatorImpl.validateTables(GroupedSchemaValidatorImpl.java:46) ~[hibernate-core-6.5.2.Final.jar!/:6.5.2.Final]
mspdoku-backend  | 	at org.hibernate.tool.schema.internal.AbstractSchemaValidator.performValidation(AbstractSchemaValidator.java:98) ~[hibernate-core-6.5.2.Final.jar!/:6.5.2.Final]
mspdoku-backend  | 	at org.hibernate.tool.schema.internal.AbstractSchemaValidator.doValidation(AbstractSchemaValidator.java:76) ~[hibernate-core-6.5.2.Final.jar!/:6.5.2.Final]
mspdoku-backend  | 	at org.hibernate.tool.schema.spi.SchemaManagementToolCoordinator.performDatabaseAction(SchemaManagementToolCoordinator.java:289) ~[hibernate-core-6.5.2.Final.jar!/:6.5.2.Final]
mspdoku-backend  | 	at org.hibernate.tool.schema.spi.SchemaManagementToolCoordinator.lambda$process$5(SchemaManagementToolCoordinator.java:144) ~[hibernate-core-6.5.2.Final.jar!/:6.5.2.Final]
mspdoku-backend  | 	at java.base/java.util.HashMap.forEach(Unknown Source) ~[na:na]
mspdoku-backend  | 	at org.hibernate.tool.schema.spi.SchemaManagementToolCoordinator.process(SchemaManagementToolCoordinator.java:141) ~[hibernate-core-6.5.2.Final.jar!/:6.5.2.Final]
mspdoku-backend  | 	at org.hibernate.boot.internal.SessionFactoryObserverForSchemaExport.sessionFactoryCreated(SessionFactoryObserverForSchemaExport.java:37) ~[hibernate-core-6.5.2.Final.jar!/:6.5.2.Final]
mspdoku-backend  | 	at org.hibernate.internal.SessionFactoryObserverChain.sessionFactoryCreated(SessionFactoryObserverChain.java:35) ~[hibernate-core-6.5.2.Final.jar!/:6.5.2.Final]
mspdoku-backend  | 	at org.hibernate.internal.SessionFactoryImpl.<init>(SessionFactoryImpl.java:322) ~[hibernate-core-6.5.2.Final.jar!/:6.5.2.Final]
mspdoku-backend  | 	at org.hibernate.boot.internal.SessionFactoryBuilderImpl.build(SessionFactoryBuilderImpl.java:457) ~[hibernate-core-6.5.2.Final.jar!/:6.5.2.Final]
mspdoku-backend  | 	at org.hibernate.jpa.boot.internal.EntityManagerFactoryBuilderImpl.build(EntityManagerFactoryBuilderImpl.java:1506) ~[hibernate-core-6.5.2.Final.jar!/:6.5.2.Final]
mspdoku-backend  | 	at org.springframework.orm.jpa.vendor.SpringHibernateJpaPersistenceProvider.createContainerEntityManagerFactory(SpringHibernateJpaPersistenceProvider.java:75) ~[spring-orm-6.1.11.jar!/:6.1.11]
mspdoku-backend  | 	at org.springframework.orm.jpa.LocalContainerEntityManagerFactoryBean.createNativeEntityManagerFactory(LocalContainerEntityManagerFactoryBean.java:390) ~[spring-orm-6.1.11.jar!/:6.1.11]
mspdoku-backend  | 	at org.springframework.orm.jpa.AbstractEntityManagerFactoryBean.buildNativeEntityManagerFactory(AbstractEntityManagerFactoryBean.java:409) ~[spring-orm-6.1.11.jar!/:6.1.11]
mspdoku-backend  | 	... 24 common frames omitted
mspdoku-backend  | 
